<?xml version="1.0" encoding="UTF-8"?>
<!-- Generated by org.testng.reporters.JUnitReportReporter -->
<testsuite ignored="0" hostname="AWG14" failures="0" tests="1" name="com.automation.testcases.LoginTestCRM" time="4.955" errors="0" timestamp="29 Jan 2022 20:49:00 GMT" skipped="0">
  <testcase classname="com.automation.testcases.LoginTestCRM" name="loginApp" time="4.955"/>
</testsuite> <!-- com.automation.testcases.LoginTestCRM -->
