<?xml version="1.0" encoding="UTF-8"?>
<!-- Generated by org.testng.reporters.JUnitReportReporter -->
<testsuite hostname="AWG14" failures="0" tests="1" name="com.automation.testcases.LoginTestCRM" time="4.306" errors="0" timestamp="2022-01-29T23:56:01 IST" skipped="0">
  <testcase classname="com.automation.testcases.LoginTestCRM" name="loginApp" time="4.306"/>
  <system-out/>
</testsuite> <!-- com.automation.testcases.LoginTestCRM -->
